<?xml version="1.0" encoding="UTF-8"?>
<!-- Generated by org.testng.reporters.JUnitReportReporter -->
<testsuite hostname="Ramakantas-MacBook-Pro.local" failures="0" tests="1" name="com.vetan.mool.TestCases.TC_Attendance_001" time="53.701" errors="0" timestamp="2022-09-15T19:34:49 IST" skipped="0">
  <testcase classname="com.vetan.mool.TestCases.TC_Attendance_001" name="AttendanceTest" time="53.701"/>
  <system-out/>
</testsuite> <!-- com.vetan.mool.TestCases.TC_Attendance_001 -->
