<?xml version="1.0" encoding="UTF-8"?>
<!-- Generated by org.testng.reporters.JUnitReportReporter -->
<testsuite hostname="Ramakantas-MacBook-Pro.local" failures="0" tests="1" name="com.vetan.mool.TestCases.TC_MappedOrg_001" time="72.706" errors="0" timestamp="2022-09-07T12:45:02 IST" skipped="0">
  <testcase classname="com.vetan.mool.TestCases.TC_MappedOrg_001" name="mappedOrganisationTest" time="72.706"/>
  <system-out/>
</testsuite> <!-- com.vetan.mool.TestCases.TC_MappedOrg_001 -->
