<?xml version="1.0" encoding="UTF-8"?>
<!-- Generated by org.testng.reporters.JUnitReportReporter -->
<testsuite hostname="Mools-MacBook-Pro.local" failures="0" tests="1" name="com.vetan.mool.TestCases.TC_PayRollProcess_001" time="52.873" errors="0" timestamp="2022-09-26T14:56:19 IST" skipped="0">
  <testcase classname="com.vetan.mool.TestCases.TC_PayRollProcess_001" name="PayRollProess" time="52.873"/>
  <system-out/>
</testsuite> <!-- com.vetan.mool.TestCases.TC_PayRollProcess_001 -->
