<?xml version="1.0" encoding="UTF-8"?>
<!-- Generated by org.testng.reporters.JUnitReportReporter -->
<testsuite hostname="Ramakantas-MacBook-Pro.local" failures="0" tests="1" name="com.vetan.mool.TestCases.TC_SignupFlow_001" time="34.615" errors="0" timestamp="2022-09-05T12:29:45 IST" skipped="0">
  <testcase classname="com.vetan.mool.TestCases.TC_SignupFlow_001" name="SignupTest" time="34.615"/>
  <system-out/>
</testsuite> <!-- com.vetan.mool.TestCases.TC_SignupFlow_001 -->
