<?xml version="1.0" encoding="UTF-8"?>
<!-- Generated by org.testng.reporters.JUnitReportReporter -->
<testsuite hostname="Ramakantas-MacBook-Pro.local" failures="0" tests="1" name="com.vetan.mool.TestCases.TC_LoginFlow_001" time="19.790" errors="0" timestamp="2022-11-12T02:03:44 IST" skipped="0">
  <testcase classname="com.vetan.mool.TestCases.TC_LoginFlow_001" name="LoginTest" time="19.790"/>
  <system-out/>
</testsuite> <!-- com.vetan.mool.TestCases.TC_LoginFlow_001 -->
