<?xml version="1.0" encoding="UTF-8"?>
<!-- Generated by org.testng.reporters.JUnitReportReporter -->
<testsuite hostname="Ramakantas-MacBook-Pro.local" failures="0" tests="1" name="com.vetan.mool.TestCases.TC_LoginFlow_001" time="18.642" errors="0" timestamp="2022-11-11T15:47:08 IST" skipped="0">
  <testcase classname="com.vetan.mool.TestCases.TC_LoginFlow_001" name="LoginTest" time="18.642"/>
  <system-out/>
</testsuite> <!-- com.vetan.mool.TestCases.TC_LoginFlow_001 -->
