<?xml version="1.0" encoding="UTF-8"?>
<!-- Generated by org.testng.reporters.JUnitReportReporter -->
<testsuite hostname="Ramakantas-MacBook-Pro.local" failures="0" tests="1" name="com.vetan.mool.TestCases.TC_LandingPageCalculator_001" time="98.596" errors="0" timestamp="2022-11-23T19:21:38 IST" skipped="0">
  <testcase classname="com.vetan.mool.TestCases.TC_LandingPageCalculator_001" name="LandingPageCalculator" time="98.596"/>
  <system-out/>
</testsuite> <!-- com.vetan.mool.TestCases.TC_LandingPageCalculator_001 -->
