<?xml version="1.0" encoding="UTF-8"?>
<!-- Generated by org.testng.reporters.JUnitReportReporter -->
<testsuite hostname="Mools-MacBook-Pro.local" failures="0" tests="1" name="com.vetan.mool.TestCases.TC_LoginFlow_001" time="10.716" errors="0" timestamp="2022-09-27T02:51:47 IST" skipped="0">
  <testcase classname="com.vetan.mool.TestCases.TC_LoginFlow_001" name="LoginTest" time="10.716"/>
  <system-out/>
</testsuite> <!-- com.vetan.mool.TestCases.TC_LoginFlow_001 -->
