<?xml version="1.0" encoding="UTF-8"?>
<!-- Generated by org.testng.reporters.JUnitReportReporter -->
<testsuite hostname="Ramakantas-MacBook-Pro.local" failures="0" tests="1" name="com.vetan.mool.TestCases.TC_LandingPageCalculator_001" time="23.975" errors="0" timestamp="2022-11-07T14:18:54 IST" skipped="0">
  <testcase classname="com.vetan.mool.TestCases.TC_LandingPageCalculator_001" name="LandingPageCalculator" time="23.975"/>
  <system-out/>
</testsuite> <!-- com.vetan.mool.TestCases.TC_LandingPageCalculator_001 -->
